PLINK v1.9.0-b.7.11 64-bit (19 Aug 2025)
Options in effect:
  --autosome
  --bfile Dataset
  --chr-set 26
  --fst
  --out DatasetFst
  --within clusterfst.txt

Hostname: bento
Working directory: /home/sammi/Documents/school/farm-animals/Genetic_diversity_part3
Start time: Thu Feb  5 16:24:47 2026

Random number seed: 1770305087
15654 MB RAM detected; reserving 7827 MB for main workspace.
45134 variants loaded from .bim file.
158 samples (75 males, 66 females, 17 ambiguous) loaded from .fam.
Ambiguous sex IDs written to DatasetFst.nosex .
--within: 2 clusters loaded, covering a total of 71 samples.
Using 1 thread (no multithreaded calculations invoked).
Before main variant filters, 158 founders and 0 nonfounders present.
Calculating allele frequencies... done.
Total genotyping rate is 0.999585.
45134 variants and 158 samples pass filters and QC.
Note: No phenotypes present.
Writing --fst report (2 populations) to DatasetFst.fst ... done.
44845 markers with valid Fst estimates (289 excluded).
Mean Fst estimate: 0.0940416
Weighted Fst estimate: 0.112983

End time: Thu Feb  5 16:24:47 2026
